<?xml version="1.0" encoding="UTF-8"?>
<!-- Generated by org.testng.reporters.JUnitReportReporter -->
<testsuite skipped="0" hostname="Admin-PC" name="com.testcase.TestRegression" tests="1" failures="0" timestamp="09 Apr 2020 12:44:52 GMT" time="23.028" errors="0">
  <testcase name="Tc_01" time="23.028" classname="com.testcase.TestRegression"/>
</testsuite> <!-- com.testcase.TestRegression -->
