<?xml version="1.0" encoding="UTF-8"?>
<!-- Generated by org.testng.reporters.JUnitReportReporter -->
<testsuite hostname="GAURAV-PC" name="com.esty.tests.TestCase1" tests="1" failures="0" timestamp="2 Mar 2020 08:37:45 GMT" time="14.172" errors="0">
  <testcase name="Tc_01" time="14.172" classname="com.esty.tests.TestCase1"/>
</testsuite> <!-- com.esty.tests.TestCase1 -->
