<?xml version="1.0" encoding="UTF-8"?>
<!-- Generated by org.testng.reporters.JUnitReportReporter -->
<testsuite hostname="Admin-PC" name="com.etsyframework.Testcase.TestRegression" tests="1" failures="0" timestamp="8 Apr 2020 12:32:29 GMT" time="12.479" errors="0">
  <testcase name="Tc_01" time="12.479" classname="com.etsyframework.Testcase.TestRegression"/>
</testsuite> <!-- com.etsyframework.Testcase.TestRegression -->
