<?xml version="1.0" encoding="UTF-8"?>
<!-- Generated by org.testng.reporters.JUnitReportReporter -->
<testsuite hostname="GAURAV-PC" name="com.etsyframewok.Tests.VerifyNavBarItems" tests="1" failures="0" timestamp="3 May 2020 10:32:11 GMT" time="18.260" errors="0">
  <testcase name="verifyCategoryNavItems" time="18.260" classname="com.etsyframewok.Tests.VerifyNavBarItems"/>
</testsuite> <!-- com.etsyframewok.Tests.VerifyNavBarItems -->
