<?xml version="1.0" encoding="UTF-8"?>
<!-- Generated by org.testng.reporters.JUnitReportReporter -->
<testsuite hostname="GAURAV-PC" name="com.etsyframewok.Tests.VerifyLogo" tests="1" failures="0" timestamp="5 Apr 2020 07:55:41 GMT" time="20.673" errors="0">
  <testcase name="etsyVerifyLogo" time="20.673" classname="com.etsyframewok.Tests.VerifyLogo"/>
</testsuite> <!-- com.etsyframewok.Tests.VerifyLogo -->
